{"total": {"lines":{"total":150,"covered":129,"skipped":0,"pct":86},"statements":{"total":150,"covered":129,"skipped":0,"pct":86},"functions":{"total":33,"covered":30,"skipped":0,"pct":90.9},"branches":{"total":100,"covered":75,"skipped":0,"pct":75},"branchesTrue":{"total":0,"covered":0,"skipped":0,"pct":100}}
,"C:\\office\\Kitchen Diaries\\kd-app\\src\\features\\data-exports\\lib\\json-export.ts": {"lines":{"total":6,"covered":5,"skipped":0,"pct":83.33},"functions":{"total":2,"covered":2,"skipped":0,"pct":100},"statements":{"total":6,"covered":5,"skipped":0,"pct":83.33},"branches":{"total":4,"covered":3,"skipped":0,"pct":75}}
,"C:\\office\\Kitchen Diaries\\kd-app\\src\\features\\order-lifecycle\\lib\\order-state-machine.ts": {"lines":{"total":6,"covered":4,"skipped":0,"pct":66.66},"functions":{"total":4,"covered":2,"skipped":0,"pct":50},"statements":{"total":6,"covered":4,"skipped":0,"pct":66.66},"branches":{"total":2,"covered":1,"skipped":0,"pct":50}}
,"C:\\office\\Kitchen Diaries\\kd-app\\src\\features\\reports\\lib\\report-range.ts": {"lines":{"total":40,"covered":32,"skipped":0,"pct":80},"functions":{"total":7,"covered":7,"skipped":0,"pct":100},"statements":{"total":40,"covered":32,"skipped":0,"pct":80},"branches":{"total":20,"covered":12,"skipped":0,"pct":60}}
,"C:\\office\\Kitchen Diaries\\kd-app\\src\\features\\users\\validations\\user-schemas.ts": {"lines":{"total":11,"covered":11,"skipped":0,"pct":100},"functions":{"total":3,"covered":3,"skipped":0,"pct":100},"statements":{"total":11,"covered":11,"skipped":0,"pct":100},"branches":{"total":5,"covered":4,"skipped":0,"pct":80}}
,"C:\\office\\Kitchen Diaries\\kd-app\\src\\lib\\auth.ts": {"lines":{"total":24,"covered":20,"skipped":0,"pct":83.33},"functions":{"total":7,"covered":7,"skipped":0,"pct":100},"statements":{"total":24,"covered":20,"skipped":0,"pct":83.33},"branches":{"total":30,"covered":22,"skipped":0,"pct":73.33}}
,"C:\\office\\Kitchen Diaries\\kd-app\\src\\lib\\business-date.ts": {"lines":{"total":11,"covered":7,"skipped":0,"pct":63.63},"functions":{"total":3,"covered":2,"skipped":0,"pct":66.66},"statements":{"total":11,"covered":7,"skipped":0,"pct":63.63},"branches":{"total":6,"covered":3,"skipped":0,"pct":50}}
,"C:\\office\\Kitchen Diaries\\kd-app\\src\\lib\\transaction.ts": {"lines":{"total":37,"covered":35,"skipped":0,"pct":94.59},"functions":{"total":6,"covered":6,"skipped":0,"pct":100},"statements":{"total":37,"covered":35,"skipped":0,"pct":94.59},"branches":{"total":31,"covered":28,"skipped":0,"pct":90.32}}
,"C:\\office\\Kitchen Diaries\\kd-app\\src\\lib\\rbac\\access.ts": {"lines":{"total":11,"covered":11,"skipped":0,"pct":100},"functions":{"total":0,"covered":0,"skipped":0,"pct":100},"statements":{"total":11,"covered":11,"skipped":0,"pct":100},"branches":{"total":0,"covered":0,"skipped":0,"pct":100}}
,"C:\\office\\Kitchen Diaries\\kd-app\\src\\lib\\rbac\\permissions.ts": {"lines":{"total":1,"covered":1,"skipped":0,"pct":100},"functions":{"total":0,"covered":0,"skipped":0,"pct":100},"statements":{"total":1,"covered":1,"skipped":0,"pct":100},"branches":{"total":0,"covered":0,"skipped":0,"pct":100}}
,"C:\\office\\Kitchen Diaries\\kd-app\\src\\lib\\rbac\\roles.ts": {"lines":{"total":3,"covered":3,"skipped":0,"pct":100},"functions":{"total":1,"covered":1,"skipped":0,"pct":100},"statements":{"total":3,"covered":3,"skipped":0,"pct":100},"branches":{"total":2,"covered":2,"skipped":0,"pct":100}}
}
